<?xml version="1.0" encoding="UTF-8"?>
<testsuite name="lesson7.FileNavigatorTest" tests="1" skipped="0" failures="0" errors="0" timestamp="2023-02-28T10:59:27" hostname="MacBook-Air-Tetana.local" time="0.009">
  <properties/>
  <testcase name="shouldRemove()" classname="lesson7.FileNavigatorTest" time="0.009"/>
  <system-out><![CDATA[]]></system-out>
  <system-err><![CDATA[]]></system-err>
</testsuite>
